2026-02-07 10:33:48.283 [reactor-http-kqueue-3][trace:482354808351268864] ERROR c.c.b.c.g.filter.BaoWangGlobalFilter - [Gateway] 处理发生异常:
com.cloud.baowang.common.core.exceptions.BaowangDefaultException: PROMPT_10007
	at com.cloud.baowang.common.auth.util.AdminAuthUtil.adminAuth(AdminAuthUtil.java:52)
	at com.cloud.baowang.common.gateway.filter.UserAdminApiFilter.filter(UserAdminApiFilter.java:66)
	at com.cloud.baowang.common.gateway.filter.BaoWangGlobalFilter.lambda$filter$3(BaoWangGlobalFilter.java:144)
	at java.base/java.util.ArrayList.forEach(ArrayList.java:1511)
	at com.cloud.baowang.common.gateway.filter.BaoWangGlobalFilter.filter(BaoWangGlobalFilter.java:144)
	at org.springframework.cloud.gateway.handler.FilteringWebHandler$GatewayFilterAdapter.filter(FilteringWebHandler.java:137)
	at org.springframework.cloud.gateway.filter.OrderedGatewayFilter.filter(OrderedGatewayFilter.java:44)
	at org.springframework.cloud.gateway.handler.FilteringWebHandler$DefaultGatewayFilterChain.lambda$filter$0(FilteringWebHandler.java:117)
	at reactor.core.publisher.MonoDefer.subscribe(MonoDefer.java:44)
	at reactor.core.publisher.InternalMonoOperator.subscribe(InternalMonoOperator.java:64)
	at reactor.core.publisher.MonoDefer.subscribe(MonoDefer.java:52)
	at reactor.core.publisher.InternalMonoOperator.subscribe(InternalMonoOperator.java:64)
	at reactor.core.publisher.MonoDefer.subscribe(MonoDefer.java:52)
	at reactor.core.publisher.InternalMonoOperator.subscribe(InternalMonoOperator.java:64)
	at com.alibaba.csp.sentinel.adapter.reactor.MonoSentinelOperator.subscribe(MonoSentinelOperator.java:40)
	at reactor.core.publisher.InternalMonoOperator.subscribe(InternalMonoOperator.java:64)
	at reactor.core.publisher.MonoDefer.subscribe(MonoDefer.java:52)
	at reactor.core.publisher.InternalMonoOperator.subscribe(InternalMonoOperator.java:64)
	at reactor.core.publisher.MonoDefer.subscribe(MonoDefer.java:52)
	at reactor.core.publisher.Mono.subscribe(Mono.java:4444)
	at reactor.core.publisher.MonoIgnoreThen$ThenIgnoreMain.subscribeNext(MonoIgnoreThen.java:263)
	at reactor.core.publisher.MonoIgnoreThen.subscribe(MonoIgnoreThen.java:51)
	at reactor.core.publisher.InternalMonoOperator.subscribe(InternalMonoOperator.java:64)
	at reactor.core.publisher.MonoFlatMap$FlatMapMain.onNext(MonoFlatMap.java:165)
	at reactor.core.publisher.FluxOnAssembly$OnAssemblySubscriber.onNext(FluxOnAssembly.java:539)
	at reactor.core.publisher.FluxOnErrorResume$ResumeSubscriber.onNext(FluxOnErrorResume.java:79)
	at reactor.core.publisher.FluxOnAssembly$OnAssemblySubscriber.onNext(FluxOnAssembly.java:539)
	at reactor.core.publisher.FluxSwitchIfEmpty$SwitchIfEmptySubscriber.onNext(FluxSwitchIfEmpty.java:74)
	at reactor.core.publisher.FluxOnAssembly$OnAssemblySubscriber.onNext(FluxOnAssembly.java:539)
	at reactor.core.publisher.MonoNext$NextSubscriber.onNext(MonoNext.java:82)
	at reactor.core.publisher.FluxOnAssembly$OnAssemblySubscriber.onNext(FluxOnAssembly.java:539)
	at reactor.core.publisher.FluxConcatMapNoPrefetch$FluxConcatMapNoPrefetchSubscriber.innerNext(FluxConcatMapNoPrefetch.java:258)
	at reactor.core.publisher.FluxConcatMap$ConcatMapInner.onNext(FluxConcatMap.java:863)
	at reactor.core.publisher.FluxOnAssembly$OnAssemblySubscriber.onNext(FluxOnAssembly.java:539)
	at reactor.core.publisher.FluxMapFuseable$MapFuseableSubscriber.onNext(FluxMapFuseable.java:129)
	at reactor.core.publisher.FluxOnAssembly$OnAssemblySubscriber.onNext(FluxOnAssembly.java:539)
	at reactor.core.publisher.FluxOnAssembly$OnAssemblySubscriber.onNext(FluxOnAssembly.java:539)
	at reactor.core.publisher.FluxSwitchIfEmpty$SwitchIfEmptySubscriber.onNext(FluxSwitchIfEmpty.java:74)
	at reactor.core.publisher.FluxOnAssembly$OnAssemblySubscriber.onNext(FluxOnAssembly.java:539)
	at reactor.core.publisher.MonoFlatMap$FlatMapMain.onNext(MonoFlatMap.java:158)
	at reactor.core.publisher.FluxOnAssembly$OnAssemblySubscriber.onNext(FluxOnAssembly.java:539)
	at reactor.core.publisher.FluxMapFuseable$MapFuseableSubscriber.onNext(FluxMapFuseable.java:129)
	at reactor.core.publisher.FluxOnAssembly$OnAssemblySubscriber.onNext(FluxOnAssembly.java:539)
	at reactor.core.publisher.MonoNext$NextSubscriber.onNext(MonoNext.java:82)
	at reactor.core.publisher.FluxOnAssembly$OnAssemblySubscriber.onNext(FluxOnAssembly.java:539)
	at reactor.core.publisher.FluxConcatMapNoPrefetch$FluxConcatMapNoPrefetchSubscriber.innerNext(FluxConcatMapNoPrefetch.java:258)
	at reactor.core.publisher.FluxConcatMap$ConcatMapInner.onNext(FluxConcatMap.java:863)
	at reactor.core.publisher.FluxOnAssembly$OnAssemblySubscriber.onNext(FluxOnAssembly.java:539)
	at reactor.core.publisher.FluxOnErrorResume$ResumeSubscriber.onNext(FluxOnErrorResume.java:79)
	at reactor.core.publisher.FluxOnAssembly$OnAssemblySubscriber.onNext(FluxOnAssembly.java:539)
	at reactor.core.publisher.MonoPeekTerminal$MonoTerminalPeekSubscriber.onNext(MonoPeekTerminal.java:180)
	at reactor.core.publisher.FluxOnAssembly$OnAssemblySubscriber.onNext(FluxOnAssembly.java:539)
	at reactor.core.publisher.MonoFilterWhen$MonoFilterWhenMain.onNext(MonoFilterWhen.java:136)
	at reactor.core.publisher.FluxOnAssembly$OnAssemblySubscriber.onNext(FluxOnAssembly.java:539)
	at reactor.core.publisher.Operators$ScalarSubscription.request(Operators.java:2545)
	at reactor.core.publisher.FluxOnAssembly$OnAssemblySubscriber.request(FluxOnAssembly.java:649)
	at reactor.core.publisher.MonoFilterWhen$MonoFilterWhenMain.request(MonoFilterWhen.java:182)
	at reactor.core.publisher.FluxOnAssembly$OnAssemblySubscriber.request(FluxOnAssembly.java:649)
	at reactor.core.publisher.MonoPeekTerminal$MonoTerminalPeekSubscriber.request(MonoPeekTerminal.java:139)
	at reactor.core.publisher.FluxOnAssembly$OnAssemblySubscriber.request(FluxOnAssembly.java:649)
	at reactor.core.publisher.Operators$MultiSubscriptionSubscriber.set(Operators.java:2341)
	at reactor.core.publisher.FluxOnErrorResume$ResumeSubscriber.onSubscribe(FluxOnErrorResume.java:74)
	at reactor.core.publisher.FluxOnAssembly$OnAssemblySubscriber.onSubscribe(FluxOnAssembly.java:633)
	at reactor.core.publisher.MonoPeekTerminal$MonoTerminalPeekSubscriber.onSubscribe(MonoPeekTerminal.java:152)
	at reactor.core.publisher.FluxOnAssembly$OnAssemblySubscriber.onSubscribe(FluxOnAssembly.java:633)
	at reactor.core.publisher.MonoFilterWhen$MonoFilterWhenMain.onSubscribe(MonoFilterWhen.java:100)
	at reactor.core.publisher.FluxOnAssembly$OnAssemblySubscriber.onSubscribe(FluxOnAssembly.java:633)
	at reactor.core.publisher.MonoJust.subscribe(MonoJust.java:55)
	at reactor.core.publisher.Mono.subscribe(Mono.java:4444)
	at reactor.core.publisher.FluxConcatMapNoPrefetch$FluxConcatMapNoPrefetchSubscriber.onNext(FluxConcatMapNoPrefetch.java:206)
	at reactor.core.publisher.FluxOnAssembly$OnAssemblySubscriber.onNext(FluxOnAssembly.java:539)
	at reactor.core.publisher.FluxOnAssembly$OnAssemblySubscriber.onNext(FluxOnAssembly.java:539)
	at reactor.core.publisher.FluxDematerialize$DematerializeSubscriber.onNext(FluxDematerialize.java:98)
	at reactor.core.publisher.FluxDematerialize$DematerializeSubscriber.onNext(FluxDematerialize.java:44)
	at reactor.core.publisher.FluxOnAssembly$OnAssemblySubscriber.onNext(FluxOnAssembly.java:539)
	at reactor.core.publisher.FluxIterable$IterableSubscription.slowPath(FluxIterable.java:335)
	at reactor.core.publisher.FluxIterable$IterableSubscription.request(FluxIterable.java:294)
	at reactor.core.publisher.FluxOnAssembly$OnAssemblySubscriber.request(FluxOnAssembly.java:649)
	at reactor.core.publisher.FluxDematerialize$DematerializeSubscriber.request(FluxDematerialize.java:127)
	at reactor.core.publisher.FluxOnAssembly$OnAssemblySubscriber.request(FluxOnAssembly.java:649)
	at reactor.core.publisher.FluxOnAssembly$OnAssemblySubscriber.request(FluxOnAssembly.java:649)
	at reactor.core.publisher.FluxConcatMapNoPrefetch$FluxConcatMapNoPrefetchSubscriber.innerComplete(FluxConcatMapNoPrefetch.java:274)
	at reactor.core.publisher.FluxConcatMap$ConcatMapInner.onComplete(FluxConcatMap.java:887)
	at reactor.core.publisher.FluxOnAssembly$OnAssemblySubscriber.onComplete(FluxOnAssembly.java:549)
	at reactor.core.publisher.Operators$MultiSubscriptionSubscriber.onComplete(Operators.java:2205)
	at reactor.core.publisher.FluxOnAssembly$OnAssemblySubscriber.onComplete(FluxOnAssembly.java:549)
	at reactor.core.publisher.MonoPeekTerminal$MonoTerminalPeekSubscriber.onComplete(MonoPeekTerminal.java:299)
	at reactor.core.publisher.FluxOnAssembly$OnAssemblySubscriber.onComplete(FluxOnAssembly.java:549)
	at reactor.core.publisher.MonoFilterWhen$MonoFilterWhenMain.onNext(MonoFilterWhen.java:141)
	at reactor.core.publisher.FluxOnAssembly$OnAssemblySubscriber.onNext(FluxOnAssembly.java:539)
	at reactor.core.publisher.Operators$ScalarSubscription.request(Operators.java:2545)
	at reactor.core.publisher.FluxOnAssembly$OnAssemblySubscriber.request(FluxOnAssembly.java:649)
	at reactor.core.publisher.MonoFilterWhen$MonoFilterWhenMain.request(MonoFilterWhen.java:182)
	at reactor.core.publisher.FluxOnAssembly$OnAssemblySubscriber.request(FluxOnAssembly.java:649)
	at reactor.core.publisher.MonoPeekTerminal$MonoTerminalPeekSubscriber.request(MonoPeekTerminal.java:139)
	at reactor.core.publisher.FluxOnAssembly$OnAssemblySubscriber.request(FluxOnAssembly.java:649)
	at reactor.core.publisher.Operators$MultiSubscriptionSubscriber.request(Operators.java:2305)
	at reactor.core.publisher.FluxOnAssembly$OnAssemblySubscriber.request(FluxOnAssembly.java:649)
	at reactor.core.publisher.Operators$MultiSubscriptionSubscriber.request(Operators.java:2305)
	at reactor.core.publisher.FluxConcatMapNoPrefetch$FluxConcatMapNoPrefetchSubscriber.request(FluxConcatMapNoPrefetch.java:338)
	at reactor.core.publisher.FluxOnAssembly$OnAssemblySubscriber.request(FluxOnAssembly.java:649)
	at reactor.core.publisher.MonoNext$NextSubscriber.request(MonoNext.java:108)
	at reactor.core.publisher.FluxOnAssembly$OnAssemblySubscriber.request(FluxOnAssembly.java:649)
	at reactor.core.publisher.FluxMapFuseable$MapFuseableSubscriber.request(FluxMapFuseable.java:171)
	at reactor.core.publisher.FluxOnAssembly$OnAssemblySubscriber.request(FluxOnAssembly.java:649)
	at reactor.core.publisher.MonoFlatMap$FlatMapMain.request(MonoFlatMap.java:194)
	at reactor.core.publisher.FluxOnAssembly$OnAssemblySubscriber.request(FluxOnAssembly.java:649)
	at reactor.core.publisher.Operators$MultiSubscriptionSubscriber.request(Operators.java:2305)
	at reactor.core.publisher.FluxOnAssembly$OnAssemblySubscriber.request(FluxOnAssembly.java:649)
	at reactor.core.publisher.FluxOnAssembly$OnAssemblySubscriber.request(FluxOnAssembly.java:649)
	at reactor.core.publisher.FluxMapFuseable$MapFuseableSubscriber.request(FluxMapFuseable.java:171)
	at reactor.core.publisher.FluxOnAssembly$OnAssemblySubscriber.request(FluxOnAssembly.java:649)
	at reactor.core.publisher.Operators$MultiSubscriptionSubscriber.request(Operators.java:2305)
	at reactor.core.publisher.FluxConcatMapNoPrefetch$FluxConcatMapNoPrefetchSubscriber.request(FluxConcatMapNoPrefetch.java:338)
	at reactor.core.publisher.FluxOnAssembly$OnAssemblySubscriber.request(FluxOnAssembly.java:649)
	at reactor.core.publisher.MonoNext$NextSubscriber.request(MonoNext.java:108)
	at reactor.core.publisher.FluxOnAssembly$OnAssemblySubscriber.request(FluxOnAssembly.java:649)
	at reactor.core.publisher.Operators$MultiSubscriptionSubscriber.set(Operators.java:2341)
	at reactor.core.publisher.Operators$MultiSubscriptionSubscriber.onSubscribe(Operators.java:2215)
	at reactor.core.publisher.FluxOnAssembly$OnAssemblySubscriber.onSubscribe(FluxOnAssembly.java:633)
	at reactor.core.publisher.MonoNext$NextSubscriber.onSubscribe(MonoNext.java:70)
	at reactor.core.publisher.FluxOnAssembly$OnAssemblySubscriber.onSubscribe(FluxOnAssembly.java:633)
	at reactor.core.publisher.FluxConcatMapNoPrefetch$FluxConcatMapNoPrefetchSubscriber.onSubscribe(FluxConcatMapNoPrefetch.java:164)
	at reactor.core.publisher.FluxOnAssembly$OnAssemblySubscriber.onSubscribe(FluxOnAssembly.java:633)
	at reactor.core.publisher.FluxIterable.subscribe(FluxIterable.java:201)
	at reactor.core.publisher.FluxIterable.subscribe(FluxIterable.java:83)
	at reactor.core.publisher.InternalMonoOperator.subscribe(InternalMonoOperator.java:64)
	at reactor.core.publisher.MonoDefer.subscribe(MonoDefer.java:52)
	at reactor.core.publisher.InternalMonoOperator.subscribe(InternalMonoOperator.java:64)
	at reactor.core.publisher.MonoDefer.subscribe(MonoDefer.java:52)
	at reactor.core.publisher.InternalMonoOperator.subscribe(InternalMonoOperator.java:64)
	at reactor.core.publisher.MonoDefer.subscribe(MonoDefer.java:52)
	at reactor.core.publisher.InternalMonoOperator.subscribe(InternalMonoOperator.java:64)
	at reactor.core.publisher.MonoDefer.subscribe(MonoDefer.java:52)
	at reactor.core.publisher.InternalMonoOperator.subscribe(InternalMonoOperator.java:64)
	at reactor.core.publisher.MonoDefer.subscribe(MonoDefer.java:52)
	at reactor.core.publisher.Mono.subscribe(Mono.java:4444)
	at reactor.core.publisher.MonoIgnoreThen$ThenIgnoreMain.subscribeNext(MonoIgnoreThen.java:263)
	at reactor.core.publisher.MonoIgnoreThen.subscribe(MonoIgnoreThen.java:51)
	at reactor.core.publisher.Mono.subscribe(Mono.java:4444)
	at reactor.core.publisher.MonoIgnoreThen$ThenIgnoreMain.subscribeNext(MonoIgnoreThen.java:263)
	at reactor.core.publisher.MonoIgnoreThen.subscribe(MonoIgnoreThen.java:51)
	at reactor.core.publisher.InternalMonoOperator.subscribe(InternalMonoOperator.java:64)
	at reactor.core.publisher.MonoDeferContextual.subscribe(MonoDeferContextual.java:55)
	at reactor.core.publisher.InternalMonoOperator.subscribe(InternalMonoOperator.java:64)
	at reactor.netty.http.server.HttpServer$HttpServerHandle.onStateChange(HttpServer.java:1006)
	at reactor.netty.ReactorNetty$CompositeConnectionObserver.onStateChange(ReactorNetty.java:710)
	at reactor.netty.transport.ServerTransport$ChildObserver.onStateChange(ServerTransport.java:477)
	at reactor.netty.http.server.HttpServerOperations.onInboundNext(HttpServerOperations.java:593)
	at reactor.netty.channel.ChannelOperationsHandler.channelRead(ChannelOperationsHandler.java:113)
	at io.netty.channel.AbstractChannelHandlerContext.invokeChannelRead(AbstractChannelHandlerContext.java:444)
	at io.netty.channel.AbstractChannelHandlerContext.invokeChannelRead(AbstractChannelHandlerContext.java:420)
	at io.netty.channel.AbstractChannelHandlerContext.fireChannelRead(AbstractChannelHandlerContext.java:412)
	at reactor.netty.http.server.HttpTrafficHandler.channelRead(HttpTrafficHandler.java:223)
	at io.netty.channel.AbstractChannelHandlerContext.invokeChannelRead(AbstractChannelHandlerContext.java:442)
	at io.netty.channel.AbstractChannelHandlerContext.invokeChannelRead(AbstractChannelHandlerContext.java:420)
	at io.netty.channel.AbstractChannelHandlerContext.fireChannelRead(AbstractChannelHandlerContext.java:412)
	at io.netty.channel.CombinedChannelDuplexHandler$DelegatingChannelHandlerContext.fireChannelRead(CombinedChannelDuplexHandler.java:436)
	at io.netty.handler.codec.ByteToMessageDecoder.fireChannelRead(ByteToMessageDecoder.java:346)
	at io.netty.handler.codec.ByteToMessageDecoder.fireChannelRead(ByteToMessageDecoder.java:333)
	at io.netty.handler.codec.ByteToMessageDecoder.callDecode(ByteToMessageDecoder.java:454)
	at io.netty.handler.codec.ByteToMessageDecoder.channelRead(ByteToMessageDecoder.java:290)
	at io.netty.channel.CombinedChannelDuplexHandler.channelRead(CombinedChannelDuplexHandler.java:251)
	at io.netty.channel.AbstractChannelHandlerContext.invokeChannelRead(AbstractChannelHandlerContext.java:442)
	at io.netty.channel.AbstractChannelHandlerContext.invokeChannelRead(AbstractChannelHandlerContext.java:420)
	at io.netty.channel.AbstractChannelHandlerContext.fireChannelRead(AbstractChannelHandlerContext.java:412)
	at io.netty.channel.DefaultChannelPipeline$HeadContext.channelRead(DefaultChannelPipeline.java:1410)
	at io.netty.channel.AbstractChannelHandlerContext.invokeChannelRead(AbstractChannelHandlerContext.java:440)
	at io.netty.channel.AbstractChannelHandlerContext.invokeChannelRead(AbstractChannelHandlerContext.java:420)
	at io.netty.channel.DefaultChannelPipeline.fireChannelRead(DefaultChannelPipeline.java:919)
	at io.netty.channel.kqueue.AbstractKQueueStreamChannel$KQueueStreamUnsafe.readReady(AbstractKQueueStreamChannel.java:544)
	at io.netty.channel.kqueue.AbstractKQueueChannel$AbstractKQueueUnsafe.readReady(AbstractKQueueChannel.java:387)
	at io.netty.channel.kqueue.KQueueEventLoop.processReady(KQueueEventLoop.java:213)
	at io.netty.channel.kqueue.KQueueEventLoop.run(KQueueEventLoop.java:291)
	at io.netty.util.concurrent.SingleThreadEventExecutor$4.run(SingleThreadEventExecutor.java:997)
	at io.netty.util.internal.ThreadExecutorMap$2.run(ThreadExecutorMap.java:74)
	at io.netty.util.concurrent.FastThreadLocalRunnable.run(FastThreadLocalRunnable.java:30)
	at java.base/java.lang.Thread.run(Thread.java:842)
