2026-01-30 17:22:55.066 [background-preinit][TID: N/A][trace:] INFO  o.h.validator.internal.util.Version - HV000001: Hibernate Validator 8.0.0.Final
2026-01-30 17:22:55.104 [restartedMain][TID: N/A][trace:] INFO  o.s.b.d.e.DevToolsPropertyDefaultsPostProcessor - Devtools property defaults active! Set 'spring.devtools.add-properties' to 'false' to disable
2026-01-30 17:22:56.735 [restartedMain][TID: N/A][trace:] WARN  c.a.c.n.c.NacosPropertySourceBuilder - Ignore the empty nacos configuration and get it based on dataId[wallet-biz] & group[feng]
2026-01-30 17:22:56.945 [restartedMain][TID: N/A][trace:] WARN  c.a.c.n.c.NacosPropertySourceBuilder - Ignore the empty nacos configuration and get it based on dataId[wallet-biz-feng.yml] & group[feng]
2026-01-30 17:22:56.945 [restartedMain][TID: N/A][trace:] INFO  o.s.c.b.c.PropertySourceBootstrapConfiguration - Located property source: [BootstrapPropertySource {name='bootstrapProperties-wallet-biz-feng.yml,feng'}, BootstrapPropertySource {name='bootstrapProperties-wallet-biz.yml,feng'}, BootstrapPropertySource {name='bootstrapProperties-wallet-biz,feng'}, BootstrapPropertySource {name='bootstrapProperties-common-config.yml,feng'}]
2026-01-30 17:22:56.960 [restartedMain][TID: N/A][trace:] INFO  c.c.baowang.wallet.WalletApplication - The following 1 profile is active: "feng"
2026-01-30 17:23:00.021 [restartedMain][TID: N/A][trace:] INFO  o.s.d.r.c.RepositoryConfigurationDelegate - Multiple Spring Data modules found, entering strict repository configuration mode
2026-01-30 17:23:00.023 [restartedMain][TID: N/A][trace:] INFO  o.s.d.r.c.RepositoryConfigurationDelegate - Bootstrapping Spring Data Redis repositories in DEFAULT mode.
2026-01-30 17:23:00.054 [restartedMain][TID: N/A][trace:] INFO  o.s.d.r.c.RepositoryConfigurationDelegate - Finished Spring Data repository scanning in 22 ms. Found 0 Redis repository interfaces.
2026-01-30 17:23:00.312 [restartedMain][TID: N/A][trace:] INFO  o.s.cloud.context.scope.GenericScope - BeanFactory id=6efe9fdf-f827-37df-ab68-fefb02bca3a3
2026-01-30 17:23:01.628 [restartedMain][TID: N/A][trace:] INFO  io.undertow.servlet - Initializing Spring embedded WebApplicationContext
2026-01-30 17:23:01.629 [restartedMain][TID: N/A][trace:] INFO  o.s.b.w.s.c.ServletWebServerApplicationContext - Root WebApplicationContext: initialization completed in 4656 ms
2026-01-30 17:23:02.030 [restartedMain][TID: N/A][trace:] WARN  o.s.b.d.a.OptionalLiveReloadServer - Unable to start LiveReload server
2026-01-30 17:23:02.055 [restartedMain][TID: N/A][trace:] INFO  o.s.c.o.FeignClientFactoryBean - For 'system-business-biz' URL not provided. Will try picking an instance via load-balancing.
2026-01-30 17:23:08.375 [restartedMain][TID: N/A][trace:] INFO  o.s.c.o.FeignClientFactoryBean - For 'system-business-biz' URL not provided. Will try picking an instance via load-balancing.
2026-01-30 17:23:08.398 [restartedMain][TID: N/A][trace:] INFO  o.s.c.o.FeignClientFactoryBean - For 'wallet-biz' URL not provided. Will try picking an instance via load-balancing.
2026-01-30 17:23:08.431 [restartedMain][TID: N/A][trace:] INFO  o.s.c.o.FeignClientFactoryBean - For 'system-business-biz' URL not provided. Will try picking an instance via load-balancing.
2026-01-30 17:23:08.456 [restartedMain][TID: N/A][trace:] INFO  o.s.c.o.FeignClientFactoryBean - For 'system-business-biz' URL not provided. Will try picking an instance via load-balancing.
2026-01-30 17:23:08.479 [restartedMain][TID: N/A][trace:] INFO  o.s.c.o.FeignClientFactoryBean - For 'system-business-biz' URL not provided. Will try picking an instance via load-balancing.
2026-01-30 17:23:08.533 [restartedMain][TID: N/A][trace:] INFO  o.s.c.o.FeignClientFactoryBean - For 'agent-biz' URL not provided. Will try picking an instance via load-balancing.
2026-01-30 17:23:08.568 [restartedMain][TID: N/A][trace:] INFO  o.s.c.o.FeignClientFactoryBean - For 'agent-biz' URL not provided. Will try picking an instance via load-balancing.
2026-01-30 17:23:08.610 [restartedMain][TID: N/A][trace:] WARN  o.s.b.w.s.c.AnnotationConfigServletWebServerApplicationContext - Exception encountered during context initialization - cancelling refresh attempt: org.springframework.beans.factory.UnsatisfiedDependencyException: Error creating bean with name 'financeConfirmApiImpl' defined in file [/Users/mac/baowang/wallet-service/wallet-biz/target/classes/com/cloud/baowang/wallet/api/FinanceConfirmApiImpl.class]: Unsatisfied dependency expressed through constructor parameter 0: Error creating bean with name 'userWithdrawRecordService' defined in file [/Users/mac/baowang/wallet-service/wallet-biz/target/classes/com/cloud/baowang/wallet/service/UserWithdrawRecordService.class]: Unsatisfied dependency expressed through constructor parameter 2: Error creating bean with name 'userDepositWithdrawHandleService': Lookup method resolution failed
2026-01-30 17:23:08.625 [restartedMain][TID: N/A][trace:] INFO  o.s.b.a.l.ConditionEvaluationReportLogger - 

Error starting ApplicationContext. To display the condition evaluation report re-run your application with 'debug' enabled.
2026-01-30 17:23:08.644 [restartedMain][TID: N/A][trace:] ERROR o.s.boot.SpringApplication - Application run failed
org.springframework.beans.factory.UnsatisfiedDependencyException: Error creating bean with name 'financeConfirmApiImpl' defined in file [/Users/mac/baowang/wallet-service/wallet-biz/target/classes/com/cloud/baowang/wallet/api/FinanceConfirmApiImpl.class]: Unsatisfied dependency expressed through constructor parameter 0: Error creating bean with name 'userWithdrawRecordService' defined in file [/Users/mac/baowang/wallet-service/wallet-biz/target/classes/com/cloud/baowang/wallet/service/UserWithdrawRecordService.class]: Unsatisfied dependency expressed through constructor parameter 2: Error creating bean with name 'userDepositWithdrawHandleService': Lookup method resolution failed
	at org.springframework.beans.factory.support.ConstructorResolver.createArgumentArray(ConstructorResolver.java:798)
	at org.springframework.beans.factory.support.ConstructorResolver.autowireConstructor(ConstructorResolver.java:245)
	at org.springframework.beans.factory.support.AbstractAutowireCapableBeanFactory.autowireConstructor(AbstractAutowireCapableBeanFactory.java:1344)
	at org.springframework.beans.factory.support.AbstractAutowireCapableBeanFactory.createBeanInstance(AbstractAutowireCapableBeanFactory.java:1188)
	at org.springframework.beans.factory.support.AbstractAutowireCapableBeanFactory.doCreateBean(AbstractAutowireCapableBeanFactory.java:561)
	at org.springframework.beans.factory.support.AbstractAutowireCapableBeanFactory.createBean(AbstractAutowireCapableBeanFactory.java:521)
	at org.springframework.beans.factory.support.AbstractBeanFactory.lambda$doGetBean$0(AbstractBeanFactory.java:326)
	at org.springframework.beans.factory.support.DefaultSingletonBeanRegistry.getSingleton(DefaultSingletonBeanRegistry.java:234)
	at org.springframework.beans.factory.support.AbstractBeanFactory.doGetBean(AbstractBeanFactory.java:324)
	at org.springframework.beans.factory.support.AbstractBeanFactory.getBean(AbstractBeanFactory.java:200)
	at org.springframework.beans.factory.support.DefaultListableBeanFactory.preInstantiateSingletons(DefaultListableBeanFactory.java:961)
	at org.springframework.context.support.AbstractApplicationContext.finishBeanFactoryInitialization(AbstractApplicationContext.java:915)
	at org.springframework.context.support.AbstractApplicationContext.refresh(AbstractApplicationContext.java:584)
	at org.springframework.boot.web.servlet.context.ServletWebServerApplicationContext.refresh(ServletWebServerApplicationContext.java:146)
	at org.springframework.boot.SpringApplication.refresh(SpringApplication.java:730)
	at org.springframework.boot.SpringApplication.refreshContext(SpringApplication.java:432)
	at org.springframework.boot.SpringApplication.run(SpringApplication.java:308)
	at org.springframework.boot.SpringApplication.run(SpringApplication.java:1302)
	at org.springframework.boot.SpringApplication.run(SpringApplication.java:1291)
	at com.cloud.baowang.wallet.WalletApplication.main(WalletApplication.java:24)
	at java.base/jdk.internal.reflect.NativeMethodAccessorImpl.invoke0(Native Method)
	at java.base/jdk.internal.reflect.NativeMethodAccessorImpl.invoke(NativeMethodAccessorImpl.java:77)
	at java.base/jdk.internal.reflect.DelegatingMethodAccessorImpl.invoke(DelegatingMethodAccessorImpl.java:43)
	at java.base/java.lang.reflect.Method.invoke(Method.java:568)
	at org.springframework.boot.devtools.restart.RestartLauncher.run(RestartLauncher.java:49)
Caused by: org.springframework.beans.factory.UnsatisfiedDependencyException: Error creating bean with name 'userWithdrawRecordService' defined in file [/Users/mac/baowang/wallet-service/wallet-biz/target/classes/com/cloud/baowang/wallet/service/UserWithdrawRecordService.class]: Unsatisfied dependency expressed through constructor parameter 2: Error creating bean with name 'userDepositWithdrawHandleService': Lookup method resolution failed
	at org.springframework.beans.factory.support.ConstructorResolver.createArgumentArray(ConstructorResolver.java:798)
	at org.springframework.beans.factory.support.ConstructorResolver.autowireConstructor(ConstructorResolver.java:245)
	at org.springframework.beans.factory.support.AbstractAutowireCapableBeanFactory.autowireConstructor(AbstractAutowireCapableBeanFactory.java:1344)
	at org.springframework.beans.factory.support.AbstractAutowireCapableBeanFactory.createBeanInstance(AbstractAutowireCapableBeanFactory.java:1188)
	at org.springframework.beans.factory.support.AbstractAutowireCapableBeanFactory.doCreateBean(AbstractAutowireCapableBeanFactory.java:561)
	at org.springframework.beans.factory.support.AbstractAutowireCapableBeanFactory.createBean(AbstractAutowireCapableBeanFactory.java:521)
	at org.springframework.beans.factory.support.AbstractBeanFactory.lambda$doGetBean$0(AbstractBeanFactory.java:326)
	at org.springframework.beans.factory.support.DefaultSingletonBeanRegistry.getSingleton(DefaultSingletonBeanRegistry.java:234)
	at org.springframework.beans.factory.support.AbstractBeanFactory.doGetBean(AbstractBeanFactory.java:324)
	at org.springframework.beans.factory.support.AbstractBeanFactory.getBean(AbstractBeanFactory.java:200)
	at org.springframework.beans.factory.config.DependencyDescriptor.resolveCandidate(DependencyDescriptor.java:254)
	at org.springframework.beans.factory.support.DefaultListableBeanFactory.doResolveDependency(DefaultListableBeanFactory.java:1405)
	at org.springframework.beans.factory.support.DefaultListableBeanFactory.resolveDependency(DefaultListableBeanFactory.java:1325)
	at org.springframework.beans.factory.support.ConstructorResolver.resolveAutowiredArgument(ConstructorResolver.java:885)
	at org.springframework.beans.factory.support.ConstructorResolver.createArgumentArray(ConstructorResolver.java:789)
	... 24 common frames omitted
Caused by: org.springframework.beans.factory.BeanCreationException: Error creating bean with name 'userDepositWithdrawHandleService': Lookup method resolution failed
	at org.springframework.beans.factory.annotation.AutowiredAnnotationBeanPostProcessor.checkLookupMethods(AutowiredAnnotationBeanPostProcessor.java:470)
	at org.springframework.beans.factory.annotation.AutowiredAnnotationBeanPostProcessor.determineCandidateConstructors(AutowiredAnnotationBeanPostProcessor.java:340)
	at org.springframework.beans.factory.support.AbstractAutowireCapableBeanFactory.determineConstructorsFromBeanPostProcessors(AbstractAutowireCapableBeanFactory.java:1283)
	at org.springframework.beans.factory.support.AbstractAutowireCapableBeanFactory.createBeanInstance(AbstractAutowireCapableBeanFactory.java:1185)
	at org.springframework.beans.factory.support.AbstractAutowireCapableBeanFactory.doCreateBean(AbstractAutowireCapableBeanFactory.java:561)
	at org.springframework.beans.factory.support.AbstractAutowireCapableBeanFactory.createBean(AbstractAutowireCapableBeanFactory.java:521)
	at org.springframework.beans.factory.support.AbstractBeanFactory.lambda$doGetBean$0(AbstractBeanFactory.java:326)
	at org.springframework.beans.factory.support.DefaultSingletonBeanRegistry.getSingleton(DefaultSingletonBeanRegistry.java:234)
	at org.springframework.beans.factory.support.AbstractBeanFactory.doGetBean(AbstractBeanFactory.java:324)
	at org.springframework.beans.factory.support.AbstractBeanFactory.getBean(AbstractBeanFactory.java:200)
	at org.springframework.beans.factory.config.DependencyDescriptor.resolveCandidate(DependencyDescriptor.java:254)
	at org.springframework.beans.factory.support.DefaultListableBeanFactory.doResolveDependency(DefaultListableBeanFactory.java:1405)
	at org.springframework.beans.factory.support.DefaultListableBeanFactory.resolveDependency(DefaultListableBeanFactory.java:1325)
	at org.springframework.beans.factory.support.ConstructorResolver.resolveAutowiredArgument(ConstructorResolver.java:885)
	at org.springframework.beans.factory.support.ConstructorResolver.createArgumentArray(ConstructorResolver.java:789)
	... 38 common frames omitted
Caused by: java.lang.IllegalStateException: Failed to introspect Class [com.cloud.baowang.wallet.service.UserDepositWithdrawHandleService] from ClassLoader [org.springframework.boot.devtools.restart.classloader.RestartClassLoader@10e3762c]
	at org.springframework.util.ReflectionUtils.getDeclaredMethods(ReflectionUtils.java:483)
	at org.springframework.util.ReflectionUtils.doWithLocalMethods(ReflectionUtils.java:320)
	at org.springframework.beans.factory.annotation.AutowiredAnnotationBeanPostProcessor.checkLookupMethods(AutowiredAnnotationBeanPostProcessor.java:448)
	... 52 common frames omitted
Caused by: java.lang.VerifyError: Bad type on operand stack
Exception Details:
  Location:
    com/cloud/baowang/wallet/service/UserDepositWithdrawHandleService.sendWebSocketMessage(Ljava/lang/String;Ljava/util/List;Lcom/cloud/baowang/wallet/api/vo/withdraw/RechargeSuccessVO;)V @72: invokestatic
  Reason:
    Type 'com/cloud/baowang/websocket/api/vo/WsMessageMqVO' (current frame, stack[1]) is not assignable to 'com/cloud/baowang/common/core/vo/base/MessageBaseVO'
  Current Frame:
    bci: @72
    flags: { }
    locals: { 'com/cloud/baowang/wallet/service/UserDepositWithdrawHandleService', 'java/lang/String', 'java/util/List', 'com/cloud/baowang/wallet/api/vo/withdraw/RechargeSuccessVO', 'com/cloud/baowang/websocket/api/vo/WsMessageMqVO' }
    stack: { 'java/lang/String', 'com/cloud/baowang/websocket/api/vo/WsMessageMqVO' }
  Bytecode:
    0000000: bb03 0359 b703 053a 0419 042b b603 0619
    0000010: 042c b603 0719 04b2 030b b603 1119 04bb
    0000020: 0315 59b2 0317 b602 422d b803 1ab7 031e
    0000030: b603 20b2 0151 1303 2419 04b8 0326 b902
    0000040: 6b03 0013 032b 1904 b802 88b2 0151 1303
    0000050: 2d19 04b8 0326 b902 6b03 00b1          

	at java.base/java.lang.Class.getDeclaredMethods0(Native Method)
	at java.base/java.lang.Class.privateGetDeclaredMethods(Class.java:3402)
	at java.base/java.lang.Class.getDeclaredMethods(Class.java:2504)
	at org.springframework.util.ReflectionUtils.getDeclaredMethods(ReflectionUtils.java:465)
	... 54 common frames omitted
2026-01-30 17:34:28.922 [background-preinit][TID: N/A][trace:] INFO  o.h.validator.internal.util.Version - HV000001: Hibernate Validator 8.0.0.Final
2026-01-30 17:34:29.070 [restartedMain][TID: N/A][trace:] INFO  o.s.b.d.e.DevToolsPropertyDefaultsPostProcessor - Devtools property defaults active! Set 'spring.devtools.add-properties' to 'false' to disable
2026-01-30 17:34:30.747 [restartedMain][TID: N/A][trace:] WARN  c.a.c.n.c.NacosPropertySourceBuilder - Ignore the empty nacos configuration and get it based on dataId[wallet-biz] & group[feng]
2026-01-30 17:34:30.949 [restartedMain][TID: N/A][trace:] WARN  c.a.c.n.c.NacosPropertySourceBuilder - Ignore the empty nacos configuration and get it based on dataId[wallet-biz-feng.yml] & group[feng]
2026-01-30 17:34:30.950 [restartedMain][TID: N/A][trace:] INFO  o.s.c.b.c.PropertySourceBootstrapConfiguration - Located property source: [BootstrapPropertySource {name='bootstrapProperties-wallet-biz-feng.yml,feng'}, BootstrapPropertySource {name='bootstrapProperties-wallet-biz.yml,feng'}, BootstrapPropertySource {name='bootstrapProperties-wallet-biz,feng'}, BootstrapPropertySource {name='bootstrapProperties-common-config.yml,feng'}]
2026-01-30 17:34:30.965 [restartedMain][TID: N/A][trace:] INFO  c.c.baowang.wallet.WalletApplication - The following 1 profile is active: "feng"
2026-01-30 17:34:33.484 [restartedMain][TID: N/A][trace:] INFO  o.s.d.r.c.RepositoryConfigurationDelegate - Multiple Spring Data modules found, entering strict repository configuration mode
2026-01-30 17:34:33.493 [restartedMain][TID: N/A][trace:] INFO  o.s.d.r.c.RepositoryConfigurationDelegate - Bootstrapping Spring Data Redis repositories in DEFAULT mode.
2026-01-30 17:34:33.635 [restartedMain][TID: N/A][trace:] INFO  o.s.d.r.c.RepositoryConfigurationDelegate - Finished Spring Data repository scanning in 116 ms. Found 0 Redis repository interfaces.
2026-01-30 17:34:34.180 [restartedMain][TID: N/A][trace:] INFO  o.s.cloud.context.scope.GenericScope - BeanFactory id=6efe9fdf-f827-37df-ab68-fefb02bca3a3
2026-01-30 17:34:34.905 [restartedMain][TID: N/A][trace:] INFO  io.undertow.servlet - Initializing Spring embedded WebApplicationContext
2026-01-30 17:34:34.905 [restartedMain][TID: N/A][trace:] INFO  o.s.b.w.s.c.ServletWebServerApplicationContext - Root WebApplicationContext: initialization completed in 3927 ms
2026-01-30 17:34:35.872 [restartedMain][TID: N/A][trace:] WARN  o.s.b.d.a.OptionalLiveReloadServer - Unable to start LiveReload server
2026-01-30 17:34:35.894 [restartedMain][TID: N/A][trace:] INFO  o.s.c.o.FeignClientFactoryBean - For 'system-business-biz' URL not provided. Will try picking an instance via load-balancing.
2026-01-30 17:34:41.536 [restartedMain][TID: N/A][trace:] INFO  o.s.c.o.FeignClientFactoryBean - For 'system-business-biz' URL not provided. Will try picking an instance via load-balancing.
2026-01-30 17:34:41.570 [restartedMain][TID: N/A][trace:] INFO  o.s.c.o.FeignClientFactoryBean - For 'wallet-biz' URL not provided. Will try picking an instance via load-balancing.
2026-01-30 17:34:41.823 [restartedMain][TID: N/A][trace:] INFO  o.s.c.o.FeignClientFactoryBean - For 'system-business-biz' URL not provided. Will try picking an instance via load-balancing.
2026-01-30 17:34:41.843 [restartedMain][TID: N/A][trace:] INFO  o.s.c.o.FeignClientFactoryBean - For 'system-business-biz' URL not provided. Will try picking an instance via load-balancing.
2026-01-30 17:34:41.922 [restartedMain][TID: N/A][trace:] INFO  o.s.c.o.FeignClientFactoryBean - For 'system-business-biz' URL not provided. Will try picking an instance via load-balancing.
2026-01-30 17:34:42.305 [restartedMain][TID: N/A][trace:] INFO  o.s.c.o.FeignClientFactoryBean - For 'agent-biz' URL not provided. Will try picking an instance via load-balancing.
2026-01-30 17:34:42.344 [restartedMain][TID: N/A][trace:] INFO  o.s.c.o.FeignClientFactoryBean - For 'agent-biz' URL not provided. Will try picking an instance via load-balancing.
2026-01-30 17:34:42.368 [restartedMain][TID: N/A][trace:] WARN  o.s.b.w.s.c.AnnotationConfigServletWebServerApplicationContext - Exception encountered during context initialization - cancelling refresh attempt: org.springframework.beans.factory.UnsatisfiedDependencyException: Error creating bean with name 'financeConfirmApiImpl' defined in file [/Users/mac/baowang/wallet-service/wallet-biz/target/classes/com/cloud/baowang/wallet/api/FinanceConfirmApiImpl.class]: Unsatisfied dependency expressed through constructor parameter 0: Error creating bean with name 'userWithdrawRecordService' defined in file [/Users/mac/baowang/wallet-service/wallet-biz/target/classes/com/cloud/baowang/wallet/service/UserWithdrawRecordService.class]: Unsatisfied dependency expressed through constructor parameter 2: Error creating bean with name 'userDepositWithdrawHandleService': Lookup method resolution failed
2026-01-30 17:34:42.381 [restartedMain][TID: N/A][trace:] INFO  o.s.b.a.l.ConditionEvaluationReportLogger - 

Error starting ApplicationContext. To display the condition evaluation report re-run your application with 'debug' enabled.
2026-01-30 17:34:42.396 [restartedMain][TID: N/A][trace:] ERROR o.s.boot.SpringApplication - Application run failed
org.springframework.beans.factory.UnsatisfiedDependencyException: Error creating bean with name 'financeConfirmApiImpl' defined in file [/Users/mac/baowang/wallet-service/wallet-biz/target/classes/com/cloud/baowang/wallet/api/FinanceConfirmApiImpl.class]: Unsatisfied dependency expressed through constructor parameter 0: Error creating bean with name 'userWithdrawRecordService' defined in file [/Users/mac/baowang/wallet-service/wallet-biz/target/classes/com/cloud/baowang/wallet/service/UserWithdrawRecordService.class]: Unsatisfied dependency expressed through constructor parameter 2: Error creating bean with name 'userDepositWithdrawHandleService': Lookup method resolution failed
	at org.springframework.beans.factory.support.ConstructorResolver.createArgumentArray(ConstructorResolver.java:798)
	at org.springframework.beans.factory.support.ConstructorResolver.autowireConstructor(ConstructorResolver.java:245)
	at org.springframework.beans.factory.support.AbstractAutowireCapableBeanFactory.autowireConstructor(AbstractAutowireCapableBeanFactory.java:1344)
	at org.springframework.beans.factory.support.AbstractAutowireCapableBeanFactory.createBeanInstance(AbstractAutowireCapableBeanFactory.java:1188)
	at org.springframework.beans.factory.support.AbstractAutowireCapableBeanFactory.doCreateBean(AbstractAutowireCapableBeanFactory.java:561)
	at org.springframework.beans.factory.support.AbstractAutowireCapableBeanFactory.createBean(AbstractAutowireCapableBeanFactory.java:521)
	at org.springframework.beans.factory.support.AbstractBeanFactory.lambda$doGetBean$0(AbstractBeanFactory.java:326)
	at org.springframework.beans.factory.support.DefaultSingletonBeanRegistry.getSingleton(DefaultSingletonBeanRegistry.java:234)
	at org.springframework.beans.factory.support.AbstractBeanFactory.doGetBean(AbstractBeanFactory.java:324)
	at org.springframework.beans.factory.support.AbstractBeanFactory.getBean(AbstractBeanFactory.java:200)
	at org.springframework.beans.factory.support.DefaultListableBeanFactory.preInstantiateSingletons(DefaultListableBeanFactory.java:961)
	at org.springframework.context.support.AbstractApplicationContext.finishBeanFactoryInitialization(AbstractApplicationContext.java:915)
	at org.springframework.context.support.AbstractApplicationContext.refresh(AbstractApplicationContext.java:584)
	at org.springframework.boot.web.servlet.context.ServletWebServerApplicationContext.refresh(ServletWebServerApplicationContext.java:146)
	at org.springframework.boot.SpringApplication.refresh(SpringApplication.java:730)
	at org.springframework.boot.SpringApplication.refreshContext(SpringApplication.java:432)
	at org.springframework.boot.SpringApplication.run(SpringApplication.java:308)
	at org.springframework.boot.SpringApplication.run(SpringApplication.java:1302)
	at org.springframework.boot.SpringApplication.run(SpringApplication.java:1291)
	at com.cloud.baowang.wallet.WalletApplication.main(WalletApplication.java:24)
	at java.base/jdk.internal.reflect.NativeMethodAccessorImpl.invoke0(Native Method)
	at java.base/jdk.internal.reflect.NativeMethodAccessorImpl.invoke(NativeMethodAccessorImpl.java:77)
	at java.base/jdk.internal.reflect.DelegatingMethodAccessorImpl.invoke(DelegatingMethodAccessorImpl.java:43)
	at java.base/java.lang.reflect.Method.invoke(Method.java:568)
	at org.springframework.boot.devtools.restart.RestartLauncher.run(RestartLauncher.java:49)
Caused by: org.springframework.beans.factory.UnsatisfiedDependencyException: Error creating bean with name 'userWithdrawRecordService' defined in file [/Users/mac/baowang/wallet-service/wallet-biz/target/classes/com/cloud/baowang/wallet/service/UserWithdrawRecordService.class]: Unsatisfied dependency expressed through constructor parameter 2: Error creating bean with name 'userDepositWithdrawHandleService': Lookup method resolution failed
	at org.springframework.beans.factory.support.ConstructorResolver.createArgumentArray(ConstructorResolver.java:798)
	at org.springframework.beans.factory.support.ConstructorResolver.autowireConstructor(ConstructorResolver.java:245)
	at org.springframework.beans.factory.support.AbstractAutowireCapableBeanFactory.autowireConstructor(AbstractAutowireCapableBeanFactory.java:1344)
	at org.springframework.beans.factory.support.AbstractAutowireCapableBeanFactory.createBeanInstance(AbstractAutowireCapableBeanFactory.java:1188)
	at org.springframework.beans.factory.support.AbstractAutowireCapableBeanFactory.doCreateBean(AbstractAutowireCapableBeanFactory.java:561)
	at org.springframework.beans.factory.support.AbstractAutowireCapableBeanFactory.createBean(AbstractAutowireCapableBeanFactory.java:521)
	at org.springframework.beans.factory.support.AbstractBeanFactory.lambda$doGetBean$0(AbstractBeanFactory.java:326)
	at org.springframework.beans.factory.support.DefaultSingletonBeanRegistry.getSingleton(DefaultSingletonBeanRegistry.java:234)
	at org.springframework.beans.factory.support.AbstractBeanFactory.doGetBean(AbstractBeanFactory.java:324)
	at org.springframework.beans.factory.support.AbstractBeanFactory.getBean(AbstractBeanFactory.java:200)
	at org.springframework.beans.factory.config.DependencyDescriptor.resolveCandidate(DependencyDescriptor.java:254)
	at org.springframework.beans.factory.support.DefaultListableBeanFactory.doResolveDependency(DefaultListableBeanFactory.java:1405)
	at org.springframework.beans.factory.support.DefaultListableBeanFactory.resolveDependency(DefaultListableBeanFactory.java:1325)
	at org.springframework.beans.factory.support.ConstructorResolver.resolveAutowiredArgument(ConstructorResolver.java:885)
	at org.springframework.beans.factory.support.ConstructorResolver.createArgumentArray(ConstructorResolver.java:789)
	... 24 common frames omitted
Caused by: org.springframework.beans.factory.BeanCreationException: Error creating bean with name 'userDepositWithdrawHandleService': Lookup method resolution failed
	at org.springframework.beans.factory.annotation.AutowiredAnnotationBeanPostProcessor.checkLookupMethods(AutowiredAnnotationBeanPostProcessor.java:470)
	at org.springframework.beans.factory.annotation.AutowiredAnnotationBeanPostProcessor.determineCandidateConstructors(AutowiredAnnotationBeanPostProcessor.java:340)
	at org.springframework.beans.factory.support.AbstractAutowireCapableBeanFactory.determineConstructorsFromBeanPostProcessors(AbstractAutowireCapableBeanFactory.java:1283)
	at org.springframework.beans.factory.support.AbstractAutowireCapableBeanFactory.createBeanInstance(AbstractAutowireCapableBeanFactory.java:1185)
	at org.springframework.beans.factory.support.AbstractAutowireCapableBeanFactory.doCreateBean(AbstractAutowireCapableBeanFactory.java:561)
	at org.springframework.beans.factory.support.AbstractAutowireCapableBeanFactory.createBean(AbstractAutowireCapableBeanFactory.java:521)
	at org.springframework.beans.factory.support.AbstractBeanFactory.lambda$doGetBean$0(AbstractBeanFactory.java:326)
	at org.springframework.beans.factory.support.DefaultSingletonBeanRegistry.getSingleton(DefaultSingletonBeanRegistry.java:234)
	at org.springframework.beans.factory.support.AbstractBeanFactory.doGetBean(AbstractBeanFactory.java:324)
	at org.springframework.beans.factory.support.AbstractBeanFactory.getBean(AbstractBeanFactory.java:200)
	at org.springframework.beans.factory.config.DependencyDescriptor.resolveCandidate(DependencyDescriptor.java:254)
	at org.springframework.beans.factory.support.DefaultListableBeanFactory.doResolveDependency(DefaultListableBeanFactory.java:1405)
	at org.springframework.beans.factory.support.DefaultListableBeanFactory.resolveDependency(DefaultListableBeanFactory.java:1325)
	at org.springframework.beans.factory.support.ConstructorResolver.resolveAutowiredArgument(ConstructorResolver.java:885)
	at org.springframework.beans.factory.support.ConstructorResolver.createArgumentArray(ConstructorResolver.java:789)
	... 38 common frames omitted
Caused by: java.lang.IllegalStateException: Failed to introspect Class [com.cloud.baowang.wallet.service.UserDepositWithdrawHandleService] from ClassLoader [org.springframework.boot.devtools.restart.classloader.RestartClassLoader@7693a9b]
	at org.springframework.util.ReflectionUtils.getDeclaredMethods(ReflectionUtils.java:483)
	at org.springframework.util.ReflectionUtils.doWithLocalMethods(ReflectionUtils.java:320)
	at org.springframework.beans.factory.annotation.AutowiredAnnotationBeanPostProcessor.checkLookupMethods(AutowiredAnnotationBeanPostProcessor.java:448)
	... 52 common frames omitted
Caused by: java.lang.VerifyError: Bad type on operand stack
Exception Details:
  Location:
    com/cloud/baowang/wallet/service/UserDepositWithdrawHandleService.sendWebSocketMessage(Ljava/lang/String;Ljava/util/List;Lcom/cloud/baowang/wallet/api/vo/withdraw/RechargeSuccessVO;)V @72: invokestatic
  Reason:
    Type 'com/cloud/baowang/websocket/api/vo/WsMessageMqVO' (current frame, stack[1]) is not assignable to 'com/cloud/baowang/common/core/vo/base/MessageBaseVO'
  Current Frame:
    bci: @72
    flags: { }
    locals: { 'com/cloud/baowang/wallet/service/UserDepositWithdrawHandleService', 'java/lang/String', 'java/util/List', 'com/cloud/baowang/wallet/api/vo/withdraw/RechargeSuccessVO', 'com/cloud/baowang/websocket/api/vo/WsMessageMqVO' }
    stack: { 'java/lang/String', 'com/cloud/baowang/websocket/api/vo/WsMessageMqVO' }
  Bytecode:
    0000000: bb03 0359 b703 053a 0419 042b b603 0619
    0000010: 042c b603 0719 04b2 030b b603 1119 04bb
    0000020: 0315 59b2 0317 b602 422d b803 1ab7 031e
    0000030: b603 20b2 0151 1303 2419 04b8 0326 b902
    0000040: 6b03 0013 032b 1904 b802 88b2 0151 1303
    0000050: 2d19 04b8 0326 b902 6b03 00b1          

	at java.base/java.lang.Class.getDeclaredMethods0(Native Method)
	at java.base/java.lang.Class.privateGetDeclaredMethods(Class.java:3402)
	at java.base/java.lang.Class.getDeclaredMethods(Class.java:2504)
	at org.springframework.util.ReflectionUtils.getDeclaredMethods(ReflectionUtils.java:465)
	... 54 common frames omitted
